Γû▓ Next.js 16.1.1 (Turbopack)

  Creating an optimized production build ...
Γ£ô Compiled successfully in 38.7s
  Running TypeScript ...
  Collecting page data using 1 worker ...
  Generating static pages using 1 worker (0/8) ...
  Generating static pages using 1 worker (2/8) 
  Generating static pages using 1 worker (4/8) 
  Generating static pages using 1 worker (6/8) 
Γ£ô Generating static pages using 1 worker (8/8) in 1565.4ms
  Finalizing page optimization ...

Route (app)
Γöî Γùï /
Γö£ Γùï /_not-found
Γö£ Γùï /admin
Γö£ Γùï /booking/bus
Γö£ ╞Æ /paket/[slug]
Γö£ Γùï /syarat-ketentuan
Γöö Γùï /tentang-kami


Γùï  (Static)   prerendered as static content
╞Æ  (Dynamic)  server-rendered on demand

