
> ferarri-tour-travel@0.1.0 build:cf
> next build

▲ Next.js 16.1.1 (Turbopack)

  Creating an optimized production build ...
✓ Compiled successfully in 49s
  Running TypeScript ...
  Collecting page data using 1 worker ...
  Generating static pages using 1 worker (0/9) ...
  Generating static pages using 1 worker (2/9) 
  Generating static pages using 1 worker (4/9) 
  Generating static pages using 1 worker (6/9) 
✓ Generating static pages using 1 worker (9/9) in 1668.1ms
  Finalizing page optimization ...

Route (app)
┌ ○ /
├ ○ /_not-found
├ ○ /admin
├ ○ /admin/keuangan
├ ○ /booking/bus
├ ƒ /paket/[slug]
├ ○ /syarat-ketentuan
└ ○ /tentang-kami


○  (Static)   prerendered as static content
ƒ  (Dynamic)  server-rendered on demand

