▲ Next.js 16.1.1 (Turbopack)

  Creating an optimized production build ...
✓ Compiled successfully in 36.3s
  Running TypeScript ...
  Collecting page data using 1 worker ...
  Generating static pages using 1 worker (0/8) ...
  Generating static pages using 1 worker (2/8) 
  Generating static pages using 1 worker (4/8) 
  Generating static pages using 1 worker (6/8) 
✓ Generating static pages using 1 worker (8/8) in 1504.1ms
  Finalizing page optimization ...

Route (app)
┌ ○ /
├ ○ /_not-found
├ ○ /admin
├ ○ /booking/bus
├ ƒ /paket/[slug]
├ ○ /syarat-ketentuan
└ ○ /tentang-kami


○  (Static)   prerendered as static content
ƒ  (Dynamic)  server-rendered on demand

